<?xml version="1.0" encoding="UTF-8"?>
<!-- Generated by org.testng.reporters.JUnitXMLReporter -->
<testsuite ignored="0" hostname="DESKTOP-1TD6IV9" failures="0" tests="3" name="Default test" time="0.046" errors="0" timestamp="2023-01-18T17:58:53 IST">
  <testcase classname="Maven_Practice.DeleteTest" name="create" time="0.007"/>
  <testcase classname="Maven_Practice.DeleteTest" name="delete" time="0.002"/>
  <testcase classname="Maven_Practice.DeleteTest" name="update" time="0.001"/>
</testsuite> <!-- Default test -->
