<?xml version="1.0" encoding="UTF-8"?>
<testng-results ignored="0" total="1" passed="1" failed="0" skipped="0">
  <reporter-output>
  </reporter-output>
  <suite started-at="2023-01-18T12:34:25 IST" name="Default suite" finished-at="2023-01-18T12:34:33 IST" duration-ms="8050">
    <groups>
    </groups>
    <test started-at="2023-01-18T12:34:25 IST" name="Default test" finished-at="2023-01-18T12:34:33 IST" duration-ms="8050">
      <class name="Maven_Practice.CreateOrg">
        <test-method signature="connectDb()[pri:0, instance:Maven_Practice.CreateOrg@654f0d9c]" started-at="2023-01-18T12:34:25 IST" name="connectDb" finished-at="2023-01-18T12:34:33 IST" duration-ms="7949" status="PASS">
          <reporter-output>
          </reporter-output>
        </test-method> <!-- connectDb -->
      </class> <!-- Maven_Practice.CreateOrg -->
    </test> <!-- Default test -->
  </suite> <!-- Default suite -->
</testng-results>
